2014-02-16 22:45:26,730 [myid:] - INFO  [main:QuorumPeerConfig@101] - Reading configuration from: /Users/depeng/github/zookeeper-workspace/app1/zookeeper-3/bin/../conf/zoo.cfg
2014-02-16 22:45:26,736 [myid:] - INFO  [main:QuorumPeerConfig@334] - Defaulting to majority quorums
2014-02-16 22:45:26,742 [myid:3] - INFO  [main:DatadirCleanupManager@78] - autopurge.snapRetainCount set to 3
2014-02-16 22:45:26,742 [myid:3] - INFO  [main:DatadirCleanupManager@79] - autopurge.purgeInterval set to 0
2014-02-16 22:45:26,743 [myid:3] - INFO  [main:DatadirCleanupManager@101] - Purge task is not scheduled.
2014-02-16 22:45:26,755 [myid:3] - INFO  [main:QuorumPeerMain@127] - Starting quorum peer
2014-02-16 22:45:26,774 [myid:3] - INFO  [main:NIOServerCnxnFactory@94] - binding to port 0.0.0.0/0.0.0.0:2183
2014-02-16 22:45:26,808 [myid:3] - INFO  [main:QuorumPeer@913] - tickTime set to 2000
2014-02-16 22:45:26,808 [myid:3] - INFO  [main:QuorumPeer@933] - minSessionTimeout set to -1
2014-02-16 22:45:26,809 [myid:3] - INFO  [main:QuorumPeer@944] - maxSessionTimeout set to -1
2014-02-16 22:45:26,809 [myid:3] - INFO  [main:QuorumPeer@959] - initLimit set to 10
2014-02-16 22:45:26,826 [myid:3] - INFO  [main:FileSnap@83] - Reading snapshot ./data/version-2/snapshot.900000000
2014-02-16 22:45:26,850 [myid:3] - INFO  [Thread-1:QuorumCnxManager$Listener@486] - My election bind port: 0.0.0.0/0.0.0.0:4445
2014-02-16 22:45:26,861 [myid:3] - INFO  [QuorumPeer[myid=3]/0:0:0:0:0:0:0:0:2183:QuorumPeer@670] - LOOKING
2014-02-16 22:45:26,863 [myid:3] - INFO  [QuorumPeer[myid=3]/0:0:0:0:0:0:0:0:2183:FastLeaderElection@740] - New election. My id =  3, proposed zxid=0x900000000
2014-02-16 22:45:26,871 [myid:3] - INFO  [WorkerReceiver[myid=3]:FastLeaderElection@542] - Notification: 2 (n.leader), 0x800000000 (n.zxid), 0x3 (n.round), FOLLOWING (n.state), 1 (n.sid), 0x8 (n.peerEPoch), LOOKING (my state)
2014-02-16 22:45:26,873 [myid:3] - INFO  [WorkerReceiver[myid=3]:FastLeaderElection@542] - Notification: 2 (n.leader), 0x800000000 (n.zxid), 0x3 (n.round), FOLLOWING (n.state), 1 (n.sid), 0x8 (n.peerEPoch), LOOKING (my state)
2014-02-16 22:45:26,874 [myid:3] - INFO  [WorkerReceiver[myid=3]:FastLeaderElection@542] - Notification: 3 (n.leader), 0x900000000 (n.zxid), 0x1 (n.round), LOOKING (n.state), 3 (n.sid), 0x9 (n.peerEPoch), LOOKING (my state)
2014-02-16 22:45:26,874 [myid:3] - INFO  [WorkerReceiver[myid=3]:FastLeaderElection@542] - Notification: 2 (n.leader), 0x800000000 (n.zxid), 0x3 (n.round), LEADING (n.state), 2 (n.sid), 0x8 (n.peerEPoch), LOOKING (my state)
2014-02-16 22:45:26,875 [myid:3] - INFO  [QuorumPeer[myid=3]/0:0:0:0:0:0:0:0:2183:QuorumPeer@738] - FOLLOWING
2014-02-16 22:45:26,875 [myid:3] - INFO  [WorkerReceiver[myid=3]:FastLeaderElection@542] - Notification: 2 (n.leader), 0x800000000 (n.zxid), 0x3 (n.round), LEADING (n.state), 2 (n.sid), 0x8 (n.peerEPoch), FOLLOWING (my state)
2014-02-16 22:45:26,881 [myid:3] - INFO  [QuorumPeer[myid=3]/0:0:0:0:0:0:0:0:2183:Learner@85] - TCP NoDelay set to: true
2014-02-16 22:45:26,990 [myid:3] - INFO  [QuorumPeer[myid=3]/0:0:0:0:0:0:0:0:2183:Environment@100] - Server environment:zookeeper.version=3.4.5-1392090, built on 09/30/2012 17:52 GMT
2014-02-16 22:45:26,991 [myid:3] - INFO  [QuorumPeer[myid=3]/0:0:0:0:0:0:0:0:2183:Environment@100] - Server environment:host.name=congs-mbp
2014-02-16 22:45:26,991 [myid:3] - INFO  [QuorumPeer[myid=3]/0:0:0:0:0:0:0:0:2183:Environment@100] - Server environment:java.version=1.7.0_45
2014-02-16 22:45:26,992 [myid:3] - INFO  [QuorumPeer[myid=3]/0:0:0:0:0:0:0:0:2183:Environment@100] - Server environment:java.vendor=Oracle Corporation
2014-02-16 22:45:26,992 [myid:3] - INFO  [QuorumPeer[myid=3]/0:0:0:0:0:0:0:0:2183:Environment@100] - Server environment:java.home=/Library/Java/JavaVirtualMachines/jdk1.7.0_45.jdk/Contents/Home/jre
2014-02-16 22:45:26,993 [myid:3] - INFO  [QuorumPeer[myid=3]/0:0:0:0:0:0:0:0:2183:Environment@100] - Server environment:java.class.path=/Users/depeng/github/zookeeper-workspace/app1/zookeeper-3/bin/../build/classes:/Users/depeng/github/zookeeper-workspace/app1/zookeeper-3/bin/../build/lib/*.jar:/Users/depeng/github/zookeeper-workspace/app1/zookeeper-3/bin/../lib/slf4j-log4j12-1.6.1.jar:/Users/depeng/github/zookeeper-workspace/app1/zookeeper-3/bin/../lib/slf4j-api-1.6.1.jar:/Users/depeng/github/zookeeper-workspace/app1/zookeeper-3/bin/../lib/netty-3.2.2.Final.jar:/Users/depeng/github/zookeeper-workspace/app1/zookeeper-3/bin/../lib/log4j-1.2.15.jar:/Users/depeng/github/zookeeper-workspace/app1/zookeeper-3/bin/../lib/jline-0.9.94.jar:/Users/depeng/github/zookeeper-workspace/app1/zookeeper-3/bin/../zookeeper-3.4.5.jar:/Users/depeng/github/zookeeper-workspace/app1/zookeeper-3/bin/../src/java/lib/*.jar:/Users/depeng/github/zookeeper-workspace/app1/zookeeper-3/bin/../conf:
2014-02-16 22:45:26,993 [myid:3] - INFO  [QuorumPeer[myid=3]/0:0:0:0:0:0:0:0:2183:Environment@100] - Server environment:java.library.path=/Users/depeng/Library/Java/Extensions:/Library/Java/Extensions:/Network/Library/Java/Extensions:/System/Library/Java/Extensions:/usr/lib/java:.
2014-02-16 22:45:26,994 [myid:3] - INFO  [QuorumPeer[myid=3]/0:0:0:0:0:0:0:0:2183:Environment@100] - Server environment:java.io.tmpdir=/var/folders/vk/v296wx7d0kx7h9ttgp92x_hr0000gn/T/
2014-02-16 22:45:26,995 [myid:3] - INFO  [QuorumPeer[myid=3]/0:0:0:0:0:0:0:0:2183:Environment@100] - Server environment:java.compiler=<NA>
2014-02-16 22:45:26,995 [myid:3] - INFO  [QuorumPeer[myid=3]/0:0:0:0:0:0:0:0:2183:Environment@100] - Server environment:os.name=Mac OS X
2014-02-16 22:45:26,996 [myid:3] - INFO  [QuorumPeer[myid=3]/0:0:0:0:0:0:0:0:2183:Environment@100] - Server environment:os.arch=x86_64
2014-02-16 22:45:26,996 [myid:3] - INFO  [QuorumPeer[myid=3]/0:0:0:0:0:0:0:0:2183:Environment@100] - Server environment:os.version=10.9.1
2014-02-16 22:45:26,997 [myid:3] - INFO  [QuorumPeer[myid=3]/0:0:0:0:0:0:0:0:2183:Environment@100] - Server environment:user.name=depeng
2014-02-16 22:45:26,997 [myid:3] - INFO  [QuorumPeer[myid=3]/0:0:0:0:0:0:0:0:2183:Environment@100] - Server environment:user.home=/Users/depeng
2014-02-16 22:45:26,998 [myid:3] - INFO  [QuorumPeer[myid=3]/0:0:0:0:0:0:0:0:2183:Environment@100] - Server environment:user.dir=/Users/depeng/github/zookeeper-workspace/app1/zookeeper-3/bin
2014-02-16 22:45:27,000 [myid:3] - INFO  [QuorumPeer[myid=3]/0:0:0:0:0:0:0:0:2183:ZooKeeperServer@162] - Created server with tickTime 2000 minSessionTimeout 4000 maxSessionTimeout 40000 datadir ./data/version-2 snapdir ./data/version-2
2014-02-16 22:45:27,001 [myid:3] - INFO  [QuorumPeer[myid=3]/0:0:0:0:0:0:0:0:2183:Follower@63] - FOLLOWING - LEADER ELECTION TOOK - 138
2014-02-16 22:45:27,011 [myid:3] - INFO  [QuorumPeer[myid=3]/0:0:0:0:0:0:0:0:2183:Learner@322] - Getting a diff from the leader 0x900000000
2014-02-16 22:45:27,018 [myid:3] - INFO  [QuorumPeer[myid=3]/0:0:0:0:0:0:0:0:2183:FileTxnSnapLog@240] - Snapshotting: 0x900000000 to ./data/version-2/snapshot.900000000
2014-02-16 22:47:37,536 [myid:3] - WARN  [QuorumPeer[myid=3]/0:0:0:0:0:0:0:0:2183:Follower@89] - Exception when following the leader
java.io.EOFException
	at java.io.DataInputStream.readInt(DataInputStream.java:392)
	at org.apache.jute.BinaryInputArchive.readInt(BinaryInputArchive.java:63)
	at org.apache.zookeeper.server.quorum.QuorumPacket.deserialize(QuorumPacket.java:83)
	at org.apache.jute.BinaryInputArchive.readRecord(BinaryInputArchive.java:108)
	at org.apache.zookeeper.server.quorum.Learner.readPacket(Learner.java:152)
	at org.apache.zookeeper.server.quorum.Follower.followLeader(Follower.java:85)
	at org.apache.zookeeper.server.quorum.QuorumPeer.run(QuorumPeer.java:740)
2014-02-16 22:47:37,537 [myid:3] - WARN  [RecvWorker:2:QuorumCnxManager$RecvWorker@762] - Connection broken for id 2, my id = 3, error = 
java.io.EOFException
	at java.io.DataInputStream.readInt(DataInputStream.java:392)
	at org.apache.zookeeper.server.quorum.QuorumCnxManager$RecvWorker.run(QuorumCnxManager.java:747)
2014-02-16 22:47:37,539 [myid:3] - WARN  [RecvWorker:2:QuorumCnxManager$RecvWorker@765] - Interrupting SendWorker
2014-02-16 22:47:37,539 [myid:3] - INFO  [QuorumPeer[myid=3]/0:0:0:0:0:0:0:0:2183:Follower@166] - shutdown called
java.lang.Exception: shutdown Follower
	at org.apache.zookeeper.server.quorum.Follower.shutdown(Follower.java:166)
	at org.apache.zookeeper.server.quorum.QuorumPeer.run(QuorumPeer.java:744)
2014-02-16 22:47:37,540 [myid:3] - INFO  [QuorumPeer[myid=3]/0:0:0:0:0:0:0:0:2183:FollowerZooKeeperServer@139] - Shutting down
2014-02-16 22:47:37,540 [myid:3] - INFO  [QuorumPeer[myid=3]/0:0:0:0:0:0:0:0:2183:ZooKeeperServer@419] - shutting down
2014-02-16 22:47:37,541 [myid:3] - INFO  [QuorumPeer[myid=3]/0:0:0:0:0:0:0:0:2183:FollowerRequestProcessor@105] - Shutting down
2014-02-16 22:47:37,541 [myid:3] - INFO  [QuorumPeer[myid=3]/0:0:0:0:0:0:0:0:2183:CommitProcessor@181] - Shutting down
2014-02-16 22:47:37,542 [myid:3] - INFO  [QuorumPeer[myid=3]/0:0:0:0:0:0:0:0:2183:FinalRequestProcessor@415] - shutdown of request processor complete
2014-02-16 22:47:37,543 [myid:3] - INFO  [QuorumPeer[myid=3]/0:0:0:0:0:0:0:0:2183:SyncRequestProcessor@175] - Shutting down
2014-02-16 22:47:37,544 [myid:3] - INFO  [FollowerRequestProcessor:3:FollowerRequestProcessor@95] - FollowerRequestProcessor exited loop!
2014-02-16 22:47:37,544 [myid:3] - INFO  [CommitProcessor:3:CommitProcessor@150] - CommitProcessor exited loop!
2014-02-16 22:47:37,545 [myid:3] - INFO  [SyncThread:3:SyncRequestProcessor@155] - SyncRequestProcessor exited!
2014-02-16 22:47:37,540 [myid:3] - WARN  [SendWorker:2:QuorumCnxManager$SendWorker@679] - Interrupted while waiting for message on queue
java.lang.InterruptedException
	at java.util.concurrent.locks.AbstractQueuedSynchronizer$ConditionObject.reportInterruptAfterWait(AbstractQueuedSynchronizer.java:2017)
	at java.util.concurrent.locks.AbstractQueuedSynchronizer$ConditionObject.awaitNanos(AbstractQueuedSynchronizer.java:2095)
	at java.util.concurrent.ArrayBlockingQueue.poll(ArrayBlockingQueue.java:389)
	at org.apache.zookeeper.server.quorum.QuorumCnxManager.pollSendQueue(QuorumCnxManager.java:831)
	at org.apache.zookeeper.server.quorum.QuorumCnxManager.access$500(QuorumCnxManager.java:62)
	at org.apache.zookeeper.server.quorum.QuorumCnxManager$SendWorker.run(QuorumCnxManager.java:667)
2014-02-16 22:47:37,549 [myid:3] - WARN  [SendWorker:2:QuorumCnxManager$SendWorker@688] - Send worker leaving thread
2014-02-16 22:47:37,550 [myid:3] - INFO  [QuorumPeer[myid=3]/0:0:0:0:0:0:0:0:2183:QuorumPeer@670] - LOOKING
2014-02-16 22:47:37,552 [myid:3] - INFO  [QuorumPeer[myid=3]/0:0:0:0:0:0:0:0:2183:FileSnap@83] - Reading snapshot ./data/version-2/snapshot.900000000
2014-02-16 22:47:37,555 [myid:3] - INFO  [QuorumPeer[myid=3]/0:0:0:0:0:0:0:0:2183:FastLeaderElection@740] - New election. My id =  3, proposed zxid=0x900000000
2014-02-16 22:47:37,556 [myid:3] - WARN  [WorkerSender[myid=3]:QuorumCnxManager@368] - Cannot open channel to 2 at election address /127.0.0.1:3334
java.net.ConnectException: Connection refused
	at java.net.PlainSocketImpl.socketConnect(Native Method)
	at java.net.AbstractPlainSocketImpl.doConnect(AbstractPlainSocketImpl.java:339)
	at java.net.AbstractPlainSocketImpl.connectToAddress(AbstractPlainSocketImpl.java:200)
	at java.net.AbstractPlainSocketImpl.connect(AbstractPlainSocketImpl.java:182)
	at java.net.SocksSocketImpl.connect(SocksSocketImpl.java:392)
	at java.net.Socket.connect(Socket.java:579)
	at org.apache.zookeeper.server.quorum.QuorumCnxManager.connectOne(QuorumCnxManager.java:354)
	at org.apache.zookeeper.server.quorum.QuorumCnxManager.toSend(QuorumCnxManager.java:327)
	at org.apache.zookeeper.server.quorum.FastLeaderElection$Messenger$WorkerSender.process(FastLeaderElection.java:393)
	at org.apache.zookeeper.server.quorum.FastLeaderElection$Messenger$WorkerSender.run(FastLeaderElection.java:365)
	at java.lang.Thread.run(Thread.java:744)
2014-02-16 22:47:37,557 [myid:3] - INFO  [WorkerReceiver[myid=3]:FastLeaderElection@542] - Notification: 3 (n.leader), 0x900000000 (n.zxid), 0x4 (n.round), LOOKING (n.state), 3 (n.sid), 0x9 (n.peerEPoch), LOOKING (my state)
2014-02-16 22:47:37,575 [myid:3] - INFO  [WorkerReceiver[myid=3]:FastLeaderElection@542] - Notification: 1 (n.leader), 0x800000000 (n.zxid), 0x4 (n.round), LOOKING (n.state), 1 (n.sid), 0x9 (n.peerEPoch), LOOKING (my state)
2014-02-16 22:47:37,578 [myid:3] - INFO  [WorkerReceiver[myid=3]:FastLeaderElection@542] - Notification: 3 (n.leader), 0x900000000 (n.zxid), 0x4 (n.round), LOOKING (n.state), 1 (n.sid), 0x9 (n.peerEPoch), LOOKING (my state)
2014-02-16 22:47:37,779 [myid:3] - INFO  [QuorumPeer[myid=3]/0:0:0:0:0:0:0:0:2183:QuorumPeer@750] - LEADING
2014-02-16 22:47:37,783 [myid:3] - INFO  [QuorumPeer[myid=3]/0:0:0:0:0:0:0:0:2183:Leader@58] - TCP NoDelay set to: true
2014-02-16 22:47:37,784 [myid:3] - INFO  [QuorumPeer[myid=3]/0:0:0:0:0:0:0:0:2183:ZooKeeperServer@162] - Created server with tickTime 2000 minSessionTimeout 4000 maxSessionTimeout 40000 datadir ./data/version-2 snapdir ./data/version-2
2014-02-16 22:47:37,785 [myid:3] - INFO  [QuorumPeer[myid=3]/0:0:0:0:0:0:0:0:2183:Leader@345] - LEADING - LEADER ELECTION TOOK - 235
2014-02-16 22:47:37,788 [myid:3] - INFO  [QuorumPeer[myid=3]/0:0:0:0:0:0:0:0:2183:FileSnap@83] - Reading snapshot ./data/version-2/snapshot.900000000
2014-02-16 22:47:37,792 [myid:3] - INFO  [QuorumPeer[myid=3]/0:0:0:0:0:0:0:0:2183:FileTxnSnapLog@240] - Snapshotting: 0x900000000 to ./data/version-2/snapshot.900000000
2014-02-16 22:47:38,785 [myid:3] - INFO  [LearnerHandler-/127.0.0.1:51183:LearnerHandler@263] - Follower sid: 1 : info : org.apache.zookeeper.server.quorum.QuorumPeer$QuorumServer@15a58470
2014-02-16 22:47:38,792 [myid:3] - INFO  [LearnerHandler-/127.0.0.1:51183:LearnerHandler@318] - Synchronizing with Follower sid: 1 maxCommittedLog=0x0 minCommittedLog=0x0 peerLastZxid=0x800000000
2014-02-16 22:47:38,793 [myid:3] - INFO  [LearnerHandler-/127.0.0.1:51183:LearnerHandler@395] - Sending SNAP
2014-02-16 22:47:38,794 [myid:3] - INFO  [LearnerHandler-/127.0.0.1:51183:LearnerHandler@419] - Sending snapshot last zxid of peer is 0x800000000  zxid of leader is 0xa00000000sent zxid of db as 0x900000000
2014-02-16 22:47:38,810 [myid:3] - WARN  [LearnerHandler-/127.0.0.1:51183:Leader@574] - Commiting zxid 0xa00000000 from /127.0.0.1:4444 not first!
2014-02-16 22:47:38,811 [myid:3] - WARN  [LearnerHandler-/127.0.0.1:51183:Leader@576] - First is 0x0
2014-02-16 22:47:38,811 [myid:3] - INFO  [LearnerHandler-/127.0.0.1:51183:Leader@598] - Have quorum of supporters; starting up and setting last processed zxid: 0xa00000000
2014-02-16 22:48:26,489 [myid:3] - INFO  [/127.0.0.1:4445:QuorumCnxManager$Listener@493] - Received connection request /127.0.0.1:51190
2014-02-16 22:48:26,495 [myid:3] - INFO  [WorkerReceiver[myid=3]:FastLeaderElection@542] - Notification: 2 (n.leader), 0x800000000 (n.zxid), 0x1 (n.round), LOOKING (n.state), 2 (n.sid), 0x9 (n.peerEPoch), LEADING (my state)
2014-02-16 22:48:26,496 [myid:3] - INFO  [WorkerReceiver[myid=3]:FastLeaderElection@542] - Notification: 3 (n.leader), 0x900000000 (n.zxid), 0x4 (n.round), LOOKING (n.state), 2 (n.sid), 0x9 (n.peerEPoch), LEADING (my state)
2014-02-16 22:48:26,729 [myid:3] - INFO  [LearnerHandler-/127.0.0.1:51192:LearnerHandler@263] - Follower sid: 2 : info : org.apache.zookeeper.server.quorum.QuorumPeer$QuorumServer@2ba15da0
2014-02-16 22:48:26,734 [myid:3] - INFO  [LearnerHandler-/127.0.0.1:51192:LearnerHandler@318] - Synchronizing with Follower sid: 2 maxCommittedLog=0x0 minCommittedLog=0x0 peerLastZxid=0x800000000
2014-02-16 22:48:26,734 [myid:3] - INFO  [LearnerHandler-/127.0.0.1:51192:LearnerHandler@395] - Sending SNAP
2014-02-16 22:48:26,735 [myid:3] - INFO  [LearnerHandler-/127.0.0.1:51192:LearnerHandler@419] - Sending snapshot last zxid of peer is 0x800000000  zxid of leader is 0xa00000000sent zxid of db as 0xa00000000
