2014-02-16 22:48:26,336 [myid:] - INFO  [main:QuorumPeerConfig@101] - Reading configuration from: /Users/depeng/github/zookeeper-workspace/app1/zookeeper-2/bin/../conf/zoo.cfg
2014-02-16 22:48:26,342 [myid:] - INFO  [main:QuorumPeerConfig@334] - Defaulting to majority quorums
2014-02-16 22:48:26,348 [myid:2] - INFO  [main:DatadirCleanupManager@78] - autopurge.snapRetainCount set to 3
2014-02-16 22:48:26,349 [myid:2] - INFO  [main:DatadirCleanupManager@79] - autopurge.purgeInterval set to 0
2014-02-16 22:48:26,349 [myid:2] - INFO  [main:DatadirCleanupManager@101] - Purge task is not scheduled.
2014-02-16 22:48:26,364 [myid:2] - INFO  [main:QuorumPeerMain@127] - Starting quorum peer
2014-02-16 22:48:26,399 [myid:2] - INFO  [main:NIOServerCnxnFactory@94] - binding to port 0.0.0.0/0.0.0.0:2182
2014-02-16 22:48:26,424 [myid:2] - INFO  [main:QuorumPeer@913] - tickTime set to 2000
2014-02-16 22:48:26,425 [myid:2] - INFO  [main:QuorumPeer@933] - minSessionTimeout set to -1
2014-02-16 22:48:26,425 [myid:2] - INFO  [main:QuorumPeer@944] - maxSessionTimeout set to -1
2014-02-16 22:48:26,426 [myid:2] - INFO  [main:QuorumPeer@959] - initLimit set to 10
2014-02-16 22:48:26,445 [myid:2] - INFO  [main:FileSnap@83] - Reading snapshot ./data/version-2/snapshot.800000000
2014-02-16 22:48:26,465 [myid:2] - INFO  [Thread-1:QuorumCnxManager$Listener@486] - My election bind port: 0.0.0.0/0.0.0.0:3334
2014-02-16 22:48:26,477 [myid:2] - INFO  [QuorumPeer[myid=2]/0:0:0:0:0:0:0:0:2182:QuorumPeer@670] - LOOKING
2014-02-16 22:48:26,480 [myid:2] - INFO  [QuorumPeer[myid=2]/0:0:0:0:0:0:0:0:2182:FastLeaderElection@740] - New election. My id =  2, proposed zxid=0x800000000
2014-02-16 22:48:26,489 [myid:2] - INFO  [WorkerReceiver[myid=2]:FastLeaderElection@542] - Notification: 2 (n.leader), 0x800000000 (n.zxid), 0x1 (n.round), LOOKING (n.state), 2 (n.sid), 0x9 (n.peerEPoch), LOOKING (my state)
2014-02-16 22:48:26,490 [myid:2] - INFO  [WorkerReceiver[myid=2]:FastLeaderElection@542] - Notification: 3 (n.leader), 0x900000000 (n.zxid), 0x4 (n.round), LOOKING (n.state), 1 (n.sid), 0x9 (n.peerEPoch), LOOKING (my state)
2014-02-16 22:48:26,489 [myid:2] - INFO  [WorkerSender[myid=2]:QuorumCnxManager@190] - Have smaller server identifier, so dropping the connection: (3, 2)
2014-02-16 22:48:26,492 [myid:2] - INFO  [/127.0.0.1:3334:QuorumCnxManager$Listener@493] - Received connection request /127.0.0.1:51191
2014-02-16 22:48:26,493 [myid:2] - INFO  [WorkerReceiver[myid=2]:FastLeaderElection@542] - Notification: 3 (n.leader), 0x900000000 (n.zxid), 0x4 (n.round), FOLLOWING (n.state), 1 (n.sid), 0x9 (n.peerEPoch), LOOKING (my state)
2014-02-16 22:48:26,494 [myid:2] - INFO  [WorkerReceiver[myid=2]:FastLeaderElection@542] - Notification: 3 (n.leader), 0x900000000 (n.zxid), 0x4 (n.round), LOOKING (n.state), 2 (n.sid), 0x9 (n.peerEPoch), LOOKING (my state)
2014-02-16 22:48:26,495 [myid:2] - INFO  [WorkerReceiver[myid=2]:FastLeaderElection@542] - Notification: 3 (n.leader), 0x900000000 (n.zxid), 0x4 (n.round), LOOKING (n.state), 3 (n.sid), 0x9 (n.peerEPoch), LOOKING (my state)
2014-02-16 22:48:26,496 [myid:2] - INFO  [WorkerReceiver[myid=2]:FastLeaderElection@542] - Notification: 3 (n.leader), 0x900000000 (n.zxid), 0x4 (n.round), FOLLOWING (n.state), 1 (n.sid), 0x9 (n.peerEPoch), LOOKING (my state)
2014-02-16 22:48:26,497 [myid:2] - INFO  [WorkerReceiver[myid=2]:FastLeaderElection@542] - Notification: 3 (n.leader), 0x900000000 (n.zxid), 0x4 (n.round), LEADING (n.state), 3 (n.sid), 0x9 (n.peerEPoch), LOOKING (my state)
2014-02-16 22:48:26,698 [myid:2] - INFO  [QuorumPeer[myid=2]/0:0:0:0:0:0:0:0:2182:QuorumPeer@738] - FOLLOWING
2014-02-16 22:48:26,704 [myid:2] - INFO  [QuorumPeer[myid=2]/0:0:0:0:0:0:0:0:2182:Learner@85] - TCP NoDelay set to: true
2014-02-16 22:48:26,715 [myid:2] - INFO  [QuorumPeer[myid=2]/0:0:0:0:0:0:0:0:2182:Environment@100] - Server environment:zookeeper.version=3.4.5-1392090, built on 09/30/2012 17:52 GMT
2014-02-16 22:48:26,715 [myid:2] - INFO  [QuorumPeer[myid=2]/0:0:0:0:0:0:0:0:2182:Environment@100] - Server environment:host.name=congs-mbp
2014-02-16 22:48:26,716 [myid:2] - INFO  [QuorumPeer[myid=2]/0:0:0:0:0:0:0:0:2182:Environment@100] - Server environment:java.version=1.7.0_45
2014-02-16 22:48:26,716 [myid:2] - INFO  [QuorumPeer[myid=2]/0:0:0:0:0:0:0:0:2182:Environment@100] - Server environment:java.vendor=Oracle Corporation
2014-02-16 22:48:26,716 [myid:2] - INFO  [QuorumPeer[myid=2]/0:0:0:0:0:0:0:0:2182:Environment@100] - Server environment:java.home=/Library/Java/JavaVirtualMachines/jdk1.7.0_45.jdk/Contents/Home/jre
2014-02-16 22:48:26,716 [myid:2] - INFO  [QuorumPeer[myid=2]/0:0:0:0:0:0:0:0:2182:Environment@100] - Server environment:java.class.path=/Users/depeng/github/zookeeper-workspace/app1/zookeeper-2/bin/../build/classes:/Users/depeng/github/zookeeper-workspace/app1/zookeeper-2/bin/../build/lib/*.jar:/Users/depeng/github/zookeeper-workspace/app1/zookeeper-2/bin/../lib/slf4j-log4j12-1.6.1.jar:/Users/depeng/github/zookeeper-workspace/app1/zookeeper-2/bin/../lib/slf4j-api-1.6.1.jar:/Users/depeng/github/zookeeper-workspace/app1/zookeeper-2/bin/../lib/netty-3.2.2.Final.jar:/Users/depeng/github/zookeeper-workspace/app1/zookeeper-2/bin/../lib/log4j-1.2.15.jar:/Users/depeng/github/zookeeper-workspace/app1/zookeeper-2/bin/../lib/jline-0.9.94.jar:/Users/depeng/github/zookeeper-workspace/app1/zookeeper-2/bin/../zookeeper-3.4.5.jar:/Users/depeng/github/zookeeper-workspace/app1/zookeeper-2/bin/../src/java/lib/*.jar:/Users/depeng/github/zookeeper-workspace/app1/zookeeper-2/bin/../conf:
2014-02-16 22:48:26,717 [myid:2] - INFO  [QuorumPeer[myid=2]/0:0:0:0:0:0:0:0:2182:Environment@100] - Server environment:java.library.path=/Users/depeng/Library/Java/Extensions:/Library/Java/Extensions:/Network/Library/Java/Extensions:/System/Library/Java/Extensions:/usr/lib/java:.
2014-02-16 22:48:26,717 [myid:2] - INFO  [QuorumPeer[myid=2]/0:0:0:0:0:0:0:0:2182:Environment@100] - Server environment:java.io.tmpdir=/var/folders/vk/v296wx7d0kx7h9ttgp92x_hr0000gn/T/
2014-02-16 22:48:26,718 [myid:2] - INFO  [QuorumPeer[myid=2]/0:0:0:0:0:0:0:0:2182:Environment@100] - Server environment:java.compiler=<NA>
2014-02-16 22:48:26,718 [myid:2] - INFO  [QuorumPeer[myid=2]/0:0:0:0:0:0:0:0:2182:Environment@100] - Server environment:os.name=Mac OS X
2014-02-16 22:48:26,718 [myid:2] - INFO  [QuorumPeer[myid=2]/0:0:0:0:0:0:0:0:2182:Environment@100] - Server environment:os.arch=x86_64
2014-02-16 22:48:26,718 [myid:2] - INFO  [QuorumPeer[myid=2]/0:0:0:0:0:0:0:0:2182:Environment@100] - Server environment:os.version=10.9.1
2014-02-16 22:48:26,719 [myid:2] - INFO  [QuorumPeer[myid=2]/0:0:0:0:0:0:0:0:2182:Environment@100] - Server environment:user.name=depeng
2014-02-16 22:48:26,719 [myid:2] - INFO  [QuorumPeer[myid=2]/0:0:0:0:0:0:0:0:2182:Environment@100] - Server environment:user.home=/Users/depeng
2014-02-16 22:48:26,719 [myid:2] - INFO  [QuorumPeer[myid=2]/0:0:0:0:0:0:0:0:2182:Environment@100] - Server environment:user.dir=/Users/depeng/github/zookeeper-workspace/app1/zookeeper-2/bin
2014-02-16 22:48:26,722 [myid:2] - INFO  [QuorumPeer[myid=2]/0:0:0:0:0:0:0:0:2182:ZooKeeperServer@162] - Created server with tickTime 2000 minSessionTimeout 4000 maxSessionTimeout 40000 datadir ./data/version-2 snapdir ./data/version-2
2014-02-16 22:48:26,723 [myid:2] - INFO  [QuorumPeer[myid=2]/0:0:0:0:0:0:0:0:2182:Follower@63] - FOLLOWING - LEADER ELECTION TOOK - 244
2014-02-16 22:48:26,735 [myid:2] - INFO  [QuorumPeer[myid=2]/0:0:0:0:0:0:0:0:2182:Learner@325] - Getting a snapshot from leader
2014-02-16 22:48:26,746 [myid:2] - INFO  [QuorumPeer[myid=2]/0:0:0:0:0:0:0:0:2182:FileTxnSnapLog@240] - Snapshotting: 0xa00000000 to ./data/version-2/snapshot.a00000000
